CREATE USER SA PASSWORD "" ADMIN
/*C1*/SET SCHEMA PUBLIC
CONNECT USER SA
SET AUTOCOMMIT FALSE
DISCONNECT
/*C2*/SET SCHEMA PUBLIC
CONNECT USER SA
SET AUTOCOMMIT FALSE
DISCONNECT
/*C3*/SET SCHEMA PUBLIC
CONNECT USER SA
SET AUTOCOMMIT FALSE
DISCONNECT
/*C4*/SET SCHEMA PUBLIC
CONNECT USER SA
SET AUTOCOMMIT FALSE
DISCONNECT
/*C5*/SET SCHEMA PUBLIC
CONNECT USER SA
SET AUTOCOMMIT FALSE
DISCONNECT
/*C6*/SET SCHEMA PUBLIC
CONNECT USER SA
SET AUTOCOMMIT FALSE
DISCONNECT
/*C7*/SET SCHEMA PUBLIC
CONNECT USER SA
SET AUTOCOMMIT FALSE
  CREATE TABLE channel ( chid integer NOT NULL PRIMARY KEY, chtitle varchar(100) NOT NULL ) 
DISCONNECT
/*C8*/SET SCHEMA PUBLIC
CONNECT USER SA
SET AUTOCOMMIT FALSE
DISCONNECT
/*C9*/SET SCHEMA PUBLIC
CONNECT USER SA
SET AUTOCOMMIT FALSE
DISCONNECT
/*C10*/SET SCHEMA PUBLIC
CONNECT USER SA
SET AUTOCOMMIT FALSE
DISCONNECT
/*C11*/SET SCHEMA PUBLIC
CONNECT USER SA
SET AUTOCOMMIT FALSE
DISCONNECT
/*C12*/SET SCHEMA PUBLIC
CONNECT USER SA
SET AUTOCOMMIT FALSE
   CREATE TABLE program ( pid integer NOT NULL PRIMARY KEY, chid integer NOT NULL, ptitle varchar(200) NOT NULL, kind varchar(20) NOT NULL, ptime timestamp NOT NULL, duration integer NOT NULL, reccurence integer NOT NULL )
DISCONNECT
/*C13*/SET SCHEMA PUBLIC
CONNECT USER SA
SET AUTOCOMMIT FALSE
INSERT INTO CHANNEL VALUES(1,'\u041f\u0435\u0440\u0432\u044b\u0439 \u043a\u0430\u043d\u0430\u043b')
INSERT INTO PROGRAM VALUES(1,1,'\u041d\u043e\u0432\u043e\u0441\u0442\u0438','information','2010-01-25 09:00:00.0',20,1)
COMMIT
DISCONNECT
/*C14*/SET SCHEMA PUBLIC
CONNECT USER SA
SET AUTOCOMMIT FALSE
INSERT INTO CHANNEL VALUES(2,'\u0420\u043e\u0441\u0441\u0438\u044f 1')
INSERT INTO CHANNEL VALUES(3,'\u0422\u0412 \u0426\u0435\u043d\u0442\u0440')
INSERT INTO CHANNEL VALUES(4,'\u041d\u0422\u0412')
INSERT INTO CHANNEL VALUES(5,'\u0420\u043e\u0441\u0441\u0438\u044f \u041a\u0443\u043b\u044c\u0442\u0443\u0440\u0430')
INSERT INTO CHANNEL VALUES(6,'\u0421\u0422\u0421')
INSERT INTO CHANNEL VALUES(7,'\u0422\u041d\u0422')
INSERT INTO PROGRAM VALUES(2,1,'\u041c\u0430\u043b\u0430\u0445\u043e\u0432+','various','2010-01-25 09:20:00.0',60,1)
INSERT INTO PROGRAM VALUES(3,1,'\u041c\u043e\u0434\u043d\u044b\u0439 \u043f\u0440\u0438\u0433\u043e\u0432\u043e\u0440','entertainment','2010-01-25 10:20:00.0',60,1)
INSERT INTO PROGRAM VALUES(4,1,'\u041a\u043e\u043d\u0442\u0440\u043e\u043b\u044c\u043d\u0430\u044f \u0437\u0430\u043a\u0443\u043f\u043a\u0430','information','2010-01-25 11:20:00.0',40,1)
INSERT INTO PROGRAM VALUES(5,1,'\u041d\u043e\u0432\u043e\u0441\u0442\u0438','information','2010-01-25 12:00:00.0',20,1)
INSERT INTO PROGRAM VALUES(6,1,'\u0423\u0447\u0430\u0441\u0442\u043e\u043a','information','2010-01-25 12:20:00.0',60,1)
INSERT INTO PROGRAM VALUES(7,1,'\u0414\u0435\u0442\u0435\u043a\u0442\u0438\u0432\u044b','soap','2010-01-25 13:20:00.0',40,1)
INSERT INTO PROGRAM VALUES(8,1,'\u0414\u0440\u0443\u0433\u0438\u0435 \u043d\u043e\u0432\u043e\u0441\u0442\u0438','information','2010-01-25 14:00:00.0',20,1)
INSERT INTO PROGRAM VALUES(9,2,'\u041a\u043e\u0433\u0434\u0430 \u043d\u0430 \u044e\u0433 \u0443\u043b\u0435\u0442\u044f\u0442 \u0436\u0443\u0440\u0430\u0432\u043b\u0438','film','2010-01-25 11:50:00.0',110,0)
INSERT INTO PROGRAM VALUES(10,2,'\u0412\u0435\u0441\u0442\u0438. \u0414\u0435\u0436\u0443\u0440\u043d\u0430\u044f \u0447\u0430\u0441\u0442\u044c','information','2010-01-25 13:40:00.0',20,1)
INSERT INTO PROGRAM VALUES(11,2,'\u0412\u0435\u0441\u0442\u0438','information','2010-01-25 14:00:00.0',30,1)
INSERT INTO PROGRAM VALUES(12,2,'\u041c\u0435\u0441\u0442\u043d\u043e\u0435 \u0432\u0440\u0435\u043c\u044f. \u0412\u0435\u0441\u0442\u0438-\u041c\u043e\u0441\u043a\u0432\u0430','information','2010-01-25 14:30:00.0',20,1)
INSERT INTO PROGRAM VALUES(13,2,'\u041a\u043e\u0433\u0434\u0430 \u043d\u0430 \u044e\u0433 \u0443\u043b\u0435\u0442\u044f\u0442 \u0436\u0443\u0440\u0430\u0432\u043b\u0438','film','2010-01-25 14:50:00.0',110,0)
COMMIT
DISCONNECT
/*C15*/SET SCHEMA PUBLIC
CONNECT USER SA
SET AUTOCOMMIT FALSE
DISCONNECT
/*C16*/SET SCHEMA PUBLIC
CONNECT USER SA
SET AUTOCOMMIT FALSE
DISCONNECT
/*C17*/SET SCHEMA PUBLIC
CONNECT USER SA
SET AUTOCOMMIT FALSE
DELETE FROM CHANNEL WHERE CHID=1
DELETE FROM CHANNEL WHERE CHID=2
DELETE FROM CHANNEL WHERE CHID=3
DELETE FROM CHANNEL WHERE CHID=4
DELETE FROM CHANNEL WHERE CHID=5
DELETE FROM CHANNEL WHERE CHID=6
DELETE FROM CHANNEL WHERE CHID=7
DELETE FROM PROGRAM WHERE PID=1
DELETE FROM PROGRAM WHERE PID=2
DELETE FROM PROGRAM WHERE PID=3
DELETE FROM PROGRAM WHERE PID=4
DELETE FROM PROGRAM WHERE PID=5
DELETE FROM PROGRAM WHERE PID=6
DELETE FROM PROGRAM WHERE PID=7
DELETE FROM PROGRAM WHERE PID=8
DELETE FROM PROGRAM WHERE PID=9
DELETE FROM PROGRAM WHERE PID=10
DELETE FROM PROGRAM WHERE PID=11
DELETE FROM PROGRAM WHERE PID=12
DELETE FROM PROGRAM WHERE PID=13
COMMIT
DISCONNECT
/*C18*/SET SCHEMA PUBLIC
CONNECT USER SA
SET AUTOCOMMIT FALSE
INSERT INTO CHANNEL VALUES(1,'\u041f\u0435\u0440\u0432\u044b\u0439 \u043a\u0430\u043d\u0430\u043b')
INSERT INTO CHANNEL VALUES(2,'\u0420\u043e\u0441\u0441\u0438\u044f 1')
INSERT INTO CHANNEL VALUES(3,'\u0422\u0412 \u0426\u0435\u043d\u0442\u0440')
INSERT INTO CHANNEL VALUES(4,'\u041d\u0422\u0412')
INSERT INTO CHANNEL VALUES(5,'\u0420\u043e\u0441\u0441\u0438\u044f \u041a\u0443\u043b\u044c\u0442\u0443\u0440\u0430')
INSERT INTO CHANNEL VALUES(6,'\u0421\u0422\u0421')
INSERT INTO CHANNEL VALUES(7,'\u0422\u041d\u0422')
INSERT INTO PROGRAM VALUES(1,1,'\u041d\u043e\u0432\u043e\u0441\u0442\u0438','information','2010-01-25 09:00:00.0',20,1)
INSERT INTO PROGRAM VALUES(2,1,'\u041c\u0430\u043b\u0430\u0445\u043e\u0432+','various','2010-01-25 09:20:00.0',60,1)
INSERT INTO PROGRAM VALUES(3,1,'\u041c\u043e\u0434\u043d\u044b\u0439 \u043f\u0440\u0438\u0433\u043e\u0432\u043e\u0440','entertainment','2010-01-25 10:20:00.0',60,1)
INSERT INTO PROGRAM VALUES(4,1,'\u041a\u043e\u043d\u0442\u0440\u043e\u043b\u044c\u043d\u0430\u044f \u0437\u0430\u043a\u0443\u043f\u043a\u0430','information','2010-01-25 11:20:00.0',40,1)
INSERT INTO PROGRAM VALUES(5,1,'\u041d\u043e\u0432\u043e\u0441\u0442\u0438','information','2010-01-25 12:00:00.0',20,1)
INSERT INTO PROGRAM VALUES(6,1,'\u0423\u0447\u0430\u0441\u0442\u043e\u043a','information','2010-01-25 12:20:00.0',60,1)
INSERT INTO PROGRAM VALUES(7,1,'\u0414\u0435\u0442\u0435\u043a\u0442\u0438\u0432\u044b','soap','2010-01-25 13:20:00.0',40,1)
INSERT INTO PROGRAM VALUES(8,1,'\u0414\u0440\u0443\u0433\u0438\u0435 \u043d\u043e\u0432\u043e\u0441\u0442\u0438','information','2010-01-25 14:00:00.0',20,1)
INSERT INTO PROGRAM VALUES(9,2,'\u041a\u043e\u0433\u0434\u0430 \u043d\u0430 \u044e\u0433 \u0443\u043b\u0435\u0442\u044f\u0442 \u0436\u0443\u0440\u0430\u0432\u043b\u0438','film','2010-01-25 11:50:00.0',110,0)
INSERT INTO PROGRAM VALUES(10,2,'\u0412\u0435\u0441\u0442\u0438. \u0414\u0435\u0436\u0443\u0440\u043d\u0430\u044f \u0447\u0430\u0441\u0442\u044c','information','2010-01-25 13:40:00.0',20,1)
INSERT INTO PROGRAM VALUES(11,2,'\u0412\u0435\u0441\u0442\u0438','information','2010-01-25 14:00:00.0',30,1)
INSERT INTO PROGRAM VALUES(12,2,'\u041c\u0435\u0441\u0442\u043d\u043e\u0435 \u0432\u0440\u0435\u043c\u044f. \u0412\u0435\u0441\u0442\u0438-\u041c\u043e\u0441\u043a\u0432\u0430','information','2010-01-25 14:30:00.0',20,1)
INSERT INTO PROGRAM VALUES(13,2,'\u041a\u043e\u0433\u0434\u0430 \u043d\u0430 \u044e\u0433 \u0443\u043b\u0435\u0442\u044f\u0442 \u0436\u0443\u0440\u0430\u0432\u043b\u0438','film','2010-01-25 14:50:00.0',110,0)
COMMIT
DISCONNECT
/*C19*/SET SCHEMA PUBLIC
CONNECT USER SA
SET AUTOCOMMIT FALSE
 DROP TABLE channel
 DROP TABLE program
DISCONNECT
/*C20*/SET SCHEMA PUBLIC
CONNECT USER SA
SET AUTOCOMMIT FALSE
  CREATE TABLE channel ( chid integer NOT NULL PRIMARY KEY, chtitle varchar(100) NOT NULL )
   CREATE TABLE program ( pid integer NOT NULL PRIMARY KEY, chid integer NOT NULL, ptitle varchar(200) NOT NULL, kind varchar(20) NOT NULL, ptime timestamp NOT NULL, duration integer NOT NULL, reccurence integer NOT NULL )
DISCONNECT
/*C21*/SET SCHEMA PUBLIC
CONNECT USER SA
SET AUTOCOMMIT FALSE
INSERT INTO CHANNEL VALUES(1,'\u041f\u0435\u0440\u0432\u044b\u0439 \u043a\u0430\u043d\u0430\u043b')
INSERT INTO CHANNEL VALUES(2,'\u0420\u043e\u0441\u0441\u0438\u044f 1')
INSERT INTO CHANNEL VALUES(3,'\u0422\u0412 \u0426\u0435\u043d\u0442\u0440')
INSERT INTO CHANNEL VALUES(4,'\u041d\u0422\u0412')
INSERT INTO CHANNEL VALUES(5,'\u0420\u043e\u0441\u0441\u0438\u044f \u041a\u0443\u043b\u044c\u0442\u0443\u0440\u0430')
INSERT INTO CHANNEL VALUES(6,'\u0421\u0422\u0421')
INSERT INTO CHANNEL VALUES(7,'\u0422\u041d\u0422')
INSERT INTO PROGRAM VALUES(1,1,'\u041d\u043e\u0432\u043e\u0441\u0442\u0438','information','2010-01-25 09:00:00.0',20,1)
INSERT INTO PROGRAM VALUES(2,1,'\u041c\u0430\u043b\u0430\u0445\u043e\u0432+','various','2010-01-25 09:20:00.0',60,1)
INSERT INTO PROGRAM VALUES(3,1,'\u041c\u043e\u0434\u043d\u044b\u0439 \u043f\u0440\u0438\u0433\u043e\u0432\u043e\u0440','entertainment','2010-01-25 10:20:00.0',60,1)
INSERT INTO PROGRAM VALUES(4,1,'\u041a\u043e\u043d\u0442\u0440\u043e\u043b\u044c\u043d\u0430\u044f \u0437\u0430\u043a\u0443\u043f\u043a\u0430','information','2010-01-25 11:20:00.0',40,1)
INSERT INTO PROGRAM VALUES(5,1,'\u041d\u043e\u0432\u043e\u0441\u0442\u0438','information','2010-01-25 12:00:00.0',20,1)
INSERT INTO PROGRAM VALUES(6,1,'\u0423\u0447\u0430\u0441\u0442\u043e\u043a','information','2010-01-25 12:20:00.0',60,1)
INSERT INTO PROGRAM VALUES(7,1,'\u0414\u0435\u0442\u0435\u043a\u0442\u0438\u0432\u044b','soap','2010-01-25 13:20:00.0',40,1)
INSERT INTO PROGRAM VALUES(8,1,'\u0414\u0440\u0443\u0433\u0438\u0435 \u043d\u043e\u0432\u043e\u0441\u0442\u0438','information','2010-01-25 14:00:00.0',20,1)
INSERT INTO PROGRAM VALUES(9,2,'\u041a\u043e\u0433\u0434\u0430 \u043d\u0430 \u044e\u0433 \u0443\u043b\u0435\u0442\u044f\u0442 \u0436\u0443\u0440\u0430\u0432\u043b\u0438','film','2010-01-25 11:50:00.0',110,0)
INSERT INTO PROGRAM VALUES(10,2,'\u0412\u0435\u0441\u0442\u0438. \u0414\u0435\u0436\u0443\u0440\u043d\u0430\u044f \u0447\u0430\u0441\u0442\u044c','information','2010-01-25 13:40:00.0',20,1)
INSERT INTO PROGRAM VALUES(11,2,'\u0412\u0435\u0441\u0442\u0438','information','2010-01-25 14:00:00.0',30,1)
INSERT INTO PROGRAM VALUES(12,2,'\u041c\u0435\u0441\u0442\u043d\u043e\u0435 \u0432\u0440\u0435\u043c\u044f. \u0412\u0435\u0441\u0442\u0438-\u041c\u043e\u0441\u043a\u0432\u0430','information','2010-01-25 14:30:00.0',20,1)
INSERT INTO PROGRAM VALUES(13,2,'\u041a\u043e\u0433\u0434\u0430 \u043d\u0430 \u044e\u0433 \u0443\u043b\u0435\u0442\u044f\u0442 \u0436\u0443\u0440\u0430\u0432\u043b\u0438','film','2010-01-25 14:50:00.0',110,0)
COMMIT
DISCONNECT
/*C22*/SET SCHEMA PUBLIC
CONNECT USER SA
DISCONNECT
/*C23*/SET SCHEMA PUBLIC
CONNECT USER SA
DISCONNECT
/*C24*/SET SCHEMA PUBLIC
CONNECT USER SA
SET AUTOCOMMIT FALSE
 DROP TABLE channel
 DROP TABLE program
DISCONNECT
/*C25*/SET SCHEMA PUBLIC
CONNECT USER SA
SET AUTOCOMMIT FALSE
  CREATE TABLE channel ( chid integer NOT NULL PRIMARY KEY, chtitle varchar(100) NOT NULL )
   CREATE TABLE program ( pid integer NOT NULL PRIMARY KEY, chid integer NOT NULL, ptitle varchar(200) NOT NULL, kind varchar(20) NOT NULL, ptime timestamp NOT NULL, duration integer NOT NULL, reccurence integer NOT NULL )
DISCONNECT
/*C26*/SET SCHEMA PUBLIC
CONNECT USER SA
SET AUTOCOMMIT FALSE
INSERT INTO CHANNEL VALUES(1,'\u041f\u0435\u0440\u0432\u044b\u0439 \u043a\u0430\u043d\u0430\u043b')
INSERT INTO CHANNEL VALUES(2,'\u0420\u043e\u0441\u0441\u0438\u044f 1')
INSERT INTO CHANNEL VALUES(3,'\u0422\u0412 \u0426\u0435\u043d\u0442\u0440')
INSERT INTO CHANNEL VALUES(4,'\u041d\u0422\u0412')
INSERT INTO CHANNEL VALUES(5,'\u0420\u043e\u0441\u0441\u0438\u044f \u041a\u0443\u043b\u044c\u0442\u0443\u0440\u0430')
INSERT INTO CHANNEL VALUES(6,'\u0421\u0422\u0421')
INSERT INTO CHANNEL VALUES(7,'\u0422\u041d\u0422')
INSERT INTO PROGRAM VALUES(1,1,'\u041d\u043e\u0432\u043e\u0441\u0442\u0438','information','2010-01-25 09:00:00.0',20,1)
INSERT INTO PROGRAM VALUES(2,1,'\u041c\u0430\u043b\u0430\u0445\u043e\u0432+','various','2010-01-25 09:20:00.0',60,1)
INSERT INTO PROGRAM VALUES(3,1,'\u041c\u043e\u0434\u043d\u044b\u0439 \u043f\u0440\u0438\u0433\u043e\u0432\u043e\u0440','entertainment','2010-01-25 10:20:00.0',60,1)
INSERT INTO PROGRAM VALUES(4,1,'\u041a\u043e\u043d\u0442\u0440\u043e\u043b\u044c\u043d\u0430\u044f \u0437\u0430\u043a\u0443\u043f\u043a\u0430','information','2010-01-25 11:20:00.0',40,1)
INSERT INTO PROGRAM VALUES(5,1,'\u041d\u043e\u0432\u043e\u0441\u0442\u0438','information','2010-01-25 12:00:00.0',20,1)
INSERT INTO PROGRAM VALUES(6,1,'\u0423\u0447\u0430\u0441\u0442\u043e\u043a','information','2010-01-25 12:20:00.0',60,1)
INSERT INTO PROGRAM VALUES(7,1,'\u0414\u0435\u0442\u0435\u043a\u0442\u0438\u0432\u044b','soap','2010-01-25 13:20:00.0',40,1)
INSERT INTO PROGRAM VALUES(8,1,'\u0414\u0440\u0443\u0433\u0438\u0435 \u043d\u043e\u0432\u043e\u0441\u0442\u0438','information','2010-01-25 14:00:00.0',20,1)
INSERT INTO PROGRAM VALUES(9,2,'\u041a\u043e\u0433\u0434\u0430 \u043d\u0430 \u044e\u0433 \u0443\u043b\u0435\u0442\u044f\u0442 \u0436\u0443\u0440\u0430\u0432\u043b\u0438','film','2010-01-25 11:50:00.0',110,0)
INSERT INTO PROGRAM VALUES(10,2,'\u0412\u0435\u0441\u0442\u0438. \u0414\u0435\u0436\u0443\u0440\u043d\u0430\u044f \u0447\u0430\u0441\u0442\u044c','information','2010-01-25 13:40:00.0',20,1)
INSERT INTO PROGRAM VALUES(11,2,'\u0412\u0435\u0441\u0442\u0438','information','2010-01-25 14:00:00.0',30,1)
INSERT INTO PROGRAM VALUES(12,2,'\u041c\u0435\u0441\u0442\u043d\u043e\u0435 \u0432\u0440\u0435\u043c\u044f. \u0412\u0435\u0441\u0442\u0438-\u041c\u043e\u0441\u043a\u0432\u0430','information','2010-01-25 14:30:00.0',20,1)
INSERT INTO PROGRAM VALUES(13,2,'\u041a\u043e\u0433\u0434\u0430 \u043d\u0430 \u044e\u0433 \u0443\u043b\u0435\u0442\u044f\u0442 \u0436\u0443\u0440\u0430\u0432\u043b\u0438','film','2010-01-25 14:50:00.0',110,0)
COMMIT
DISCONNECT
/*C27*/SET SCHEMA PUBLIC
CONNECT USER SA
DISCONNECT
/*C28*/SET SCHEMA PUBLIC
CONNECT USER SA
SET AUTOCOMMIT FALSE
/*C29*/SET SCHEMA PUBLIC
CONNECT USER SA
/*C28*/SET AUTOCOMMIT TRUE
/*C29*/SET AUTOCOMMIT FALSE
SET AUTOCOMMIT TRUE
/*C28*/SET AUTOCOMMIT FALSE
SET AUTOCOMMIT TRUE
DISCONNECT
/*C29*/DISCONNECT
/*C30*/SET SCHEMA PUBLIC
CONNECT USER SA
SET AUTOCOMMIT FALSE
 DROP TABLE channel
 DROP TABLE program
DISCONNECT
/*C31*/SET SCHEMA PUBLIC
CONNECT USER SA
SET AUTOCOMMIT FALSE
DISCONNECT
/*C32*/SET SCHEMA PUBLIC
CONNECT USER SA
SET AUTOCOMMIT FALSE
DISCONNECT
/*C33*/SET SCHEMA PUBLIC
CONNECT USER SA
SET AUTOCOMMIT FALSE
 CREATE SCHEMA tvprogram AUTHORIZATION DBA
   CREATE TABLE tvprogram.channel ( chid integer NOT NULL PRIMARY KEY, chtitle varchar(100) NOT NULL )   
CREATE TABLE tvprogram.program ( pid integer NOT NULL PRIMARY KEY, chid integer NOT NULL, ptitle varchar(200) NOT NULL, kind varchar(20) NOT NULL, ptime timestamp NOT NULL, duration integer NOT NULL, reccurence integer NOT NULL )
SET SCHEMA PUBLIC
SET SCHEMA PUBLIC
DISCONNECT
/*C34*/SET SCHEMA PUBLIC
CONNECT USER SA
SET AUTOCOMMIT FALSE
DISCONNECT
/*C35*/SET SCHEMA PUBLIC
CONNECT USER SA
SET AUTOCOMMIT FALSE
DISCONNECT
/*C36*/SET SCHEMA PUBLIC
CONNECT USER SA
SET AUTOCOMMIT FALSE
DISCONNECT
/*C37*/SET SCHEMA PUBLIC
CONNECT USER SA
SET AUTOCOMMIT FALSE
SET SCHEMA TVPROGRAM
INSERT INTO CHANNEL VALUES(1,'\u041f\u0435\u0440\u0432\u044b\u0439 \u043a\u0430\u043d\u0430\u043b')
INSERT INTO CHANNEL VALUES(2,'\u0420\u043e\u0441\u0441\u0438\u044f 1')
INSERT INTO CHANNEL VALUES(3,'\u0422\u0412 \u0426\u0435\u043d\u0442\u0440')
INSERT INTO CHANNEL VALUES(4,'\u041d\u0422\u0412')
INSERT INTO CHANNEL VALUES(5,'\u0420\u043e\u0441\u0441\u0438\u044f \u041a\u0443\u043b\u044c\u0442\u0443\u0440\u0430')
INSERT INTO CHANNEL VALUES(6,'\u0421\u0422\u0421')
INSERT INTO CHANNEL VALUES(7,'\u0422\u041d\u0422')
INSERT INTO PROGRAM VALUES(1,1,'\u041d\u043e\u0432\u043e\u0441\u0442\u0438','information','2010-01-25 09:00:00.0',20,1)
INSERT INTO PROGRAM VALUES(2,1,'\u041c\u0430\u043b\u0430\u0445\u043e\u0432+','various','2010-01-25 09:20:00.0',60,1)
INSERT INTO PROGRAM VALUES(3,1,'\u041c\u043e\u0434\u043d\u044b\u0439 \u043f\u0440\u0438\u0433\u043e\u0432\u043e\u0440','entertainment','2010-01-25 10:20:00.0',60,1)
INSERT INTO PROGRAM VALUES(4,1,'\u041a\u043e\u043d\u0442\u0440\u043e\u043b\u044c\u043d\u0430\u044f \u0437\u0430\u043a\u0443\u043f\u043a\u0430','information','2010-01-25 11:20:00.0',40,1)
INSERT INTO PROGRAM VALUES(5,1,'\u041d\u043e\u0432\u043e\u0441\u0442\u0438','information','2010-01-25 12:00:00.0',20,1)
INSERT INTO PROGRAM VALUES(6,1,'\u0423\u0447\u0430\u0441\u0442\u043e\u043a','information','2010-01-25 12:20:00.0',60,1)
INSERT INTO PROGRAM VALUES(7,1,'\u0414\u0435\u0442\u0435\u043a\u0442\u0438\u0432\u044b','soap','2010-01-25 13:20:00.0',40,1)
INSERT INTO PROGRAM VALUES(8,1,'\u0414\u0440\u0443\u0433\u0438\u0435 \u043d\u043e\u0432\u043e\u0441\u0442\u0438','information','2010-01-25 14:00:00.0',20,1)
INSERT INTO PROGRAM VALUES(9,2,'\u041a\u043e\u0433\u0434\u0430 \u043d\u0430 \u044e\u0433 \u0443\u043b\u0435\u0442\u044f\u0442 \u0436\u0443\u0440\u0430\u0432\u043b\u0438','film','2010-01-25 11:50:00.0',110,0)
INSERT INTO PROGRAM VALUES(10,2,'\u0412\u0435\u0441\u0442\u0438. \u0414\u0435\u0436\u0443\u0440\u043d\u0430\u044f \u0447\u0430\u0441\u0442\u044c','information','2010-01-25 13:40:00.0',20,1)
INSERT INTO PROGRAM VALUES(11,2,'\u0412\u0435\u0441\u0442\u0438','information','2010-01-25 14:00:00.0',30,1)
INSERT INTO PROGRAM VALUES(12,2,'\u041c\u0435\u0441\u0442\u043d\u043e\u0435 \u0432\u0440\u0435\u043c\u044f. \u0412\u0435\u0441\u0442\u0438-\u041c\u043e\u0441\u043a\u0432\u0430','information','2010-01-25 14:30:00.0',20,1)
INSERT INTO PROGRAM VALUES(13,2,'\u041a\u043e\u0433\u0434\u0430 \u043d\u0430 \u044e\u0433 \u0443\u043b\u0435\u0442\u044f\u0442 \u0436\u0443\u0440\u0430\u0432\u043b\u0438','film','2010-01-25 14:50:00.0',110,0)
COMMIT
SET SCHEMA PUBLIC
DISCONNECT
/*C38*/SET SCHEMA PUBLIC
CONNECT USER SA
SET AUTOCOMMIT FALSE
DISCONNECT
/*C39*/SET SCHEMA PUBLIC
CONNECT USER SA
SET AUTOCOMMIT FALSE
DISCONNECT
/*C40*/SET SCHEMA PUBLIC
CONNECT USER SA
SET AUTOCOMMIT FALSE
DISCONNECT
/*C41*/SET SCHEMA PUBLIC
CONNECT USER SA
DISCONNECT
/*C42*/SET SCHEMA PUBLIC
CONNECT USER SA
SET AUTOCOMMIT FALSE
/*C43*/SET SCHEMA PUBLIC
CONNECT USER SA
/*C42*/SET AUTOCOMMIT TRUE
/*C43*/SET AUTOCOMMIT FALSE
SET AUTOCOMMIT TRUE
/*C42*/SET AUTOCOMMIT FALSE
SET AUTOCOMMIT TRUE
/*C43*/SET AUTOCOMMIT FALSE
SET AUTOCOMMIT TRUE
/*C42*/SET AUTOCOMMIT FALSE
SET AUTOCOMMIT TRUE
DISCONNECT
/*C43*/DISCONNECT
/*C44*/SET SCHEMA PUBLIC
CONNECT USER SA
DISCONNECT
/*C45*/SET SCHEMA PUBLIC
CONNECT USER SA
SET AUTOCOMMIT FALSE
/*C46*/SET SCHEMA PUBLIC
CONNECT USER SA
/*C45*/SET AUTOCOMMIT TRUE
/*C46*/DISCONNECT
/*C45*/DISCONNECT
/*C47*/SET SCHEMA PUBLIC
CONNECT USER SA
DISCONNECT
/*C48*/SET SCHEMA PUBLIC
CONNECT USER SA
SET AUTOCOMMIT FALSE
/*C49*/SET SCHEMA PUBLIC
CONNECT USER SA
/*C48*/SET AUTOCOMMIT TRUE
/*C49*/DISCONNECT
/*C48*/DISCONNECT
/*C50*/SET SCHEMA PUBLIC
CONNECT USER SA
DISCONNECT
/*C51*/SET SCHEMA PUBLIC
CONNECT USER SA
